::1 - - [25/Jun/2015:13:52:06 -0500] "GET / HTTP/1.1" 302 - "-" "Mozilla/5.0 (Windows NT 6.3; WOW64) AppleWebKit/537.36 (KHTML, like Gecko) Chrome/43.0.2357.130 Safari/537.36"
::1 - - [25/Jun/2015:13:52:06 -0500] "GET /xampp/ HTTP/1.1" 302 167 "-" "Mozilla/5.0 (Windows NT 6.3; WOW64) AppleWebKit/537.36 (KHTML, like Gecko) Chrome/43.0.2357.130 Safari/537.36"
::1 - - [25/Jun/2015:13:52:06 -0500] "GET /xampp/splash.php HTTP/1.1" 200 1325 "-" "Mozilla/5.0 (Windows NT 6.3; WOW64) AppleWebKit/537.36 (KHTML, like Gecko) Chrome/43.0.2357.130 Safari/537.36"
::1 - - [25/Jun/2015:13:52:06 -0500] "GET /xampp/xampp.css HTTP/1.1" 200 4178 "http://localhost/xampp/splash.php" "Mozilla/5.0 (Windows NT 6.3; WOW64) AppleWebKit/537.36 (KHTML, like Gecko) Chrome/43.0.2357.130 Safari/537.36"
::1 - - [25/Jun/2015:13:52:06 -0500] "GET /xampp/img/blank.gif HTTP/1.1" 200 43 "http://localhost/xampp/splash.php" "Mozilla/5.0 (Windows NT 6.3; WOW64) AppleWebKit/537.36 (KHTML, like Gecko) Chrome/43.0.2357.130 Safari/537.36"
::1 - - [25/Jun/2015:13:52:06 -0500] "GET /xampp/img/xampp-logo.jpg HTTP/1.1" 200 19738 "http://localhost/xampp/splash.php" "Mozilla/5.0 (Windows NT 6.3; WOW64) AppleWebKit/537.36 (KHTML, like Gecko) Chrome/43.0.2357.130 Safari/537.36"
::1 - - [25/Jun/2015:13:52:06 -0500] "GET /favicon.ico HTTP/1.1" 200 7782 "http://localhost/xampp/splash.php" "Mozilla/5.0 (Windows NT 6.3; WOW64) AppleWebKit/537.36 (KHTML, like Gecko) Chrome/43.0.2357.130 Safari/537.36"
::1 - - [25/Jun/2015:13:52:08 -0500] "GET /xampp/lang.php?en HTTP/1.1" 302 - "http://localhost/xampp/splash.php" "Mozilla/5.0 (Windows NT 6.3; WOW64) AppleWebKit/537.36 (KHTML, like Gecko) Chrome/43.0.2357.130 Safari/537.36"
::1 - - [25/Jun/2015:13:52:08 -0500] "GET /xampp/index.php HTTP/1.1" 200 595 "http://localhost/xampp/splash.php" "Mozilla/5.0 (Windows NT 6.3; WOW64) AppleWebKit/537.36 (KHTML, like Gecko) Chrome/43.0.2357.130 Safari/537.36"
::1 - - [25/Jun/2015:13:52:08 -0500] "GET /xampp/head.php HTTP/1.1" 200 1393 "http://localhost/xampp/index.php" "Mozilla/5.0 (Windows NT 6.3; WOW64) AppleWebKit/537.36 (KHTML, like Gecko) Chrome/43.0.2357.130 Safari/537.36"
::1 - - [25/Jun/2015:13:52:08 -0500] "GET /xampp/start.php HTTP/1.1" 200 2710 "http://localhost/xampp/index.php" "Mozilla/5.0 (Windows NT 6.3; WOW64) AppleWebKit/537.36 (KHTML, like Gecko) Chrome/43.0.2357.130 Safari/537.36"
::1 - - [25/Jun/2015:13:52:08 -0500] "GET /xampp/navi.php HTTP/1.1" 200 4021 "http://localhost/xampp/index.php" "Mozilla/5.0 (Windows NT 6.3; WOW64) AppleWebKit/537.36 (KHTML, like Gecko) Chrome/43.0.2357.130 Safari/537.36"
::1 - - [25/Jun/2015:13:52:09 -0500] "GET /xampp/img/xampp-logo-new.gif HTTP/1.1" 200 4878 "http://localhost/xampp/head.php" "Mozilla/5.0 (Windows NT 6.3; WOW64) AppleWebKit/537.36 (KHTML, like Gecko) Chrome/43.0.2357.130 Safari/537.36"
::1 - - [25/Jun/2015:13:52:09 -0500] "GET /xampp/img/head-for.gif HTTP/1.1" 200 791 "http://localhost/xampp/head.php" "Mozilla/5.0 (Windows NT 6.3; WOW64) AppleWebKit/537.36 (KHTML, like Gecko) Chrome/43.0.2357.130 Safari/537.36"
::1 - - [25/Jun/2015:13:52:09 -0500] "GET /xampp/img/head-windows.gif HTTP/1.1" 200 1362 "http://localhost/xampp/head.php" "Mozilla/5.0 (Windows NT 6.3; WOW64) AppleWebKit/537.36 (KHTML, like Gecko) Chrome/43.0.2357.130 Safari/537.36"
::1 - - [25/Jun/2015:13:52:09 -0500] "GET /xampp/img/bitnami-xampp.png HTTP/1.1" 200 22133 "http://localhost/xampp/start.php" "Mozilla/5.0 (Windows NT 6.3; WOW64) AppleWebKit/537.36 (KHTML, like Gecko) Chrome/43.0.2357.130 Safari/537.36"
::1 - - [25/Jun/2015:13:52:09 -0500] "GET /xampp/xampp.js HTTP/1.1" 200 573 "http://localhost/xampp/navi.php" "Mozilla/5.0 (Windows NT 6.3; WOW64) AppleWebKit/537.36 (KHTML, like Gecko) Chrome/43.0.2357.130 Safari/537.36"
::1 - - [25/Jun/2015:13:52:09 -0500] "GET /xampp/img/apachefriends.gif HTTP/1.1" 200 979 "http://localhost/xampp/navi.php" "Mozilla/5.0 (Windows NT 6.3; WOW64) AppleWebKit/537.36 (KHTML, like Gecko) Chrome/43.0.2357.130 Safari/537.36"
::1 - - [25/Jun/2015:13:52:09 -0500] "GET /xampp/img/strichel.gif HTTP/1.1" 200 61 "http://localhost/xampp/navi.php" "Mozilla/5.0 (Windows NT 6.3; WOW64) AppleWebKit/537.36 (KHTML, like Gecko) Chrome/43.0.2357.130 Safari/537.36"
127.0.0.1 - - [25/Jun/2015:13:52:25 -0500] "GET /xampp/php.php HTTP/1.0" 200 2 "-" "-"
127.0.0.1 - - [25/Jun/2015:13:52:25 -0500] "GET /xampp/mysql.php HTTP/1.0" 200 3 "-" "-"
127.0.0.1 - - [25/Jun/2015:13:52:27 -0500] "GET /cgi-bin/cgi.cgi HTTP/1.0" 200 2 "-" "-"
127.0.0.1 - - [25/Jun/2015:13:52:27 -0500] "GET /xampp/ssi.shtml HTTP/1.0" 200 6 "-" "-"
::1 - - [25/Jun/2015:13:52:25 -0500] "GET /xampp/status.php HTTP/1.1" 200 4188 "http://localhost/xampp/navi.php" "Mozilla/5.0 (Windows NT 6.3; WOW64) AppleWebKit/537.36 (KHTML, like Gecko) Chrome/43.0.2357.130 Safari/537.36"
::1 - - [25/Jun/2015:13:52:41 -0500] "GET / HTTP/1.1" 302 - "-" "Mozilla/5.0 (Windows NT 6.3; WOW64) AppleWebKit/537.36 (KHTML, like Gecko) Chrome/43.0.2357.130 Safari/537.36"
::1 - - [25/Jun/2015:13:52:41 -0500] "GET /xampp/ HTTP/1.1" 200 595 "-" "Mozilla/5.0 (Windows NT 6.3; WOW64) AppleWebKit/537.36 (KHTML, like Gecko) Chrome/43.0.2357.130 Safari/537.36"
::1 - - [25/Jun/2015:13:52:41 -0500] "GET /xampp/head.php HTTP/1.1" 200 1393 "http://localhost/xampp/" "Mozilla/5.0 (Windows NT 6.3; WOW64) AppleWebKit/537.36 (KHTML, like Gecko) Chrome/43.0.2357.130 Safari/537.36"
::1 - - [25/Jun/2015:13:52:41 -0500] "GET /xampp/start.php HTTP/1.1" 200 2710 "http://localhost/xampp/" "Mozilla/5.0 (Windows NT 6.3; WOW64) AppleWebKit/537.36 (KHTML, like Gecko) Chrome/43.0.2357.130 Safari/537.36"
::1 - - [25/Jun/2015:13:52:41 -0500] "GET /xampp/navi.php HTTP/1.1" 200 4021 "http://localhost/xampp/" "Mozilla/5.0 (Windows NT 6.3; WOW64) AppleWebKit/537.36 (KHTML, like Gecko) Chrome/43.0.2357.130 Safari/537.36"
::1 - - [25/Jun/2015:14:00:25 -0500] "GET / HTTP/1.1" 302 - "-" "Mozilla/5.0 (Windows NT 6.3; WOW64) AppleWebKit/537.36 (KHTML, like Gecko) Chrome/43.0.2357.130 Safari/537.36"
::1 - - [25/Jun/2015:14:00:25 -0500] "GET /xampp/ HTTP/1.1" 200 595 "-" "Mozilla/5.0 (Windows NT 6.3; WOW64) AppleWebKit/537.36 (KHTML, like Gecko) Chrome/43.0.2357.130 Safari/537.36"
::1 - - [25/Jun/2015:14:00:25 -0500] "GET /xampp/head.php HTTP/1.1" 200 1393 "http://localhost/xampp/" "Mozilla/5.0 (Windows NT 6.3; WOW64) AppleWebKit/537.36 (KHTML, like Gecko) Chrome/43.0.2357.130 Safari/537.36"
::1 - - [25/Jun/2015:14:00:25 -0500] "GET /xampp/navi.php HTTP/1.1" 200 4021 "http://localhost/xampp/" "Mozilla/5.0 (Windows NT 6.3; WOW64) AppleWebKit/537.36 (KHTML, like Gecko) Chrome/43.0.2357.130 Safari/537.36"
::1 - - [25/Jun/2015:14:00:25 -0500] "GET /xampp/start.php HTTP/1.1" 200 2710 "http://localhost/xampp/" "Mozilla/5.0 (Windows NT 6.3; WOW64) AppleWebKit/537.36 (KHTML, like Gecko) Chrome/43.0.2357.130 Safari/537.36"
::1 - - [25/Jun/2015:14:00:32 -0500] "GET /xampp/manuals.php HTTP/1.1" 200 1460 "http://localhost/xampp/navi.php" "Mozilla/5.0 (Windows NT 6.3; WOW64) AppleWebKit/537.36 (KHTML, like Gecko) Chrome/43.0.2357.130 Safari/537.36"
::1 - - [25/Jun/2015:14:00:38 -0500] "GET /phpmyadmin/ HTTP/1.1" 200 6019 "http://localhost/xampp/navi.php" "Mozilla/5.0 (Windows NT 6.3; WOW64) AppleWebKit/537.36 (KHTML, like Gecko) Chrome/43.0.2357.130 Safari/537.36"
::1 - - [25/Jun/2015:14:00:40 -0500] "GET /webalizer/webalizer.php HTTP/1.1" 200 806 "http://localhost/xampp/navi.php" "Mozilla/5.0 (Windows NT 6.3; WOW64) AppleWebKit/537.36 (KHTML, like Gecko) Chrome/43.0.2357.130 Safari/537.36"
::1 - - [25/Jun/2015:14:00:41 -0500] "GET /webalizer/ HTTP/1.1" 200 3768 "http://localhost/webalizer/webalizer.php" "Mozilla/5.0 (Windows NT 6.3; WOW64) AppleWebKit/537.36 (KHTML, like Gecko) Chrome/43.0.2357.130 Safari/537.36"
::1 - - [25/Jun/2015:14:00:41 -0500] "GET /webalizer/msfree.png HTTP/1.1" 200 1478 "http://localhost/webalizer/" "Mozilla/5.0 (Windows NT 6.3; WOW64) AppleWebKit/537.36 (KHTML, like Gecko) Chrome/43.0.2357.130 Safari/537.36"
::1 - - [25/Jun/2015:14:00:41 -0500] "GET /webalizer/usage.png HTTP/1.1" 200 2079 "http://localhost/webalizer/" "Mozilla/5.0 (Windows NT 6.3; WOW64) AppleWebKit/537.36 (KHTML, like Gecko) Chrome/43.0.2357.130 Safari/537.36"
::1 - - [25/Jun/2015:14:00:39 -0500] "GET /phpmyadmin/ HTTP/1.1" 200 6019 "http://localhost/xampp/navi.php" "Mozilla/5.0 (Windows NT 6.3; WOW64) AppleWebKit/537.36 (KHTML, like Gecko) Chrome/43.0.2357.130 Safari/537.36"
::1 - - [25/Jun/2015:14:00:42 -0500] "GET /phpmyadmin/themes/pmahomme/jquery/jquery-ui-1.9.2.custom.css HTTP/1.1" 200 32278 "http://localhost/phpmyadmin/" "Mozilla/5.0 (Windows NT 6.3; WOW64) AppleWebKit/537.36 (KHTML, like Gecko) Chrome/43.0.2357.130 Safari/537.36"
::1 - - [25/Jun/2015:14:00:42 -0500] "GET /phpmyadmin/themes/dot.gif HTTP/1.1" 200 43 "http://localhost/phpmyadmin/" "Mozilla/5.0 (Windows NT 6.3; WOW64) AppleWebKit/537.36 (KHTML, like Gecko) Chrome/43.0.2357.130 Safari/537.36"
::1 - - [25/Jun/2015:14:00:42 -0500] "GET /phpmyadmin/js/get_scripts.js.php?scripts%5B%5D=jquery/jquery-1.8.3.min.js&scripts%5B%5D=sprintf.js&scripts%5B%5D=ajax.js&scripts%5B%5D=keyhandler.js&scripts%5B%5D=jquery/jquery-ui-1.9.2.custom.min.js&scripts%5B%5D=jquery/jquery.cookie.js&scripts%5B%5D=jquery/jquery.mousewheel.js&scripts%5B%5D=jquery/jquery.event.drag-2.2.js&scripts%5B%5D=jquery/jquery-ui-timepicker-addon.js&scripts%5B%5D=jquery/jquery.ba-hashchange-1.3.js&scripts%5B%5D=jquery/jquery.debounce-1.0.5.js&scripts%5B%5D=menu-resizer.js&scripts%5B%5D=cross_framing_protection.js&scripts%5B%5D=rte.js&scripts%5B%5D=tracekit/tracekit.js&scripts%5B%5D=error_report.js&scripts%5B%5D=doclinks.js&scripts%5B%5D=functions.js&scripts%5B%5D=navigation.js&scripts%5B%5D=indexes.js&scripts%5B%5D=common.js&scripts%5B%5D=codemirror/lib/codemirror.js&scripts%5B%5D=codemirror/mode/sql/sql.js&scripts%5B%5D=codemirror/addon/runmode/runmode.js&scripts%5B%5D=codemirror/addon/hint/show-hint.js&scripts%5B%5D=codemirror/addon/hint/sql-hint.js HTTP/1.1" 200 1205539 "http://localhost/phpmyadmin/" "Mozilla/5.0 (Windows NT 6.3; WOW64) AppleWebKit/537.36 (KHTML, like Gecko) Chrome/43.0.2357.130 Safari/537.36"
::1 - - [25/Jun/2015:14:00:42 -0500] "GET /phpmyadmin/phpmyadmin.css.php?server=1&lang=en&collation_connection=utf8_unicode_ci&token=aed9c43e2edcea5e429e0f4020d10fde&nocache=4259260501ltr HTTP/1.1" 200 109784 "http://localhost/phpmyadmin/" "Mozilla/5.0 (Windows NT 6.3; WOW64) AppleWebKit/537.36 (KHTML, like Gecko) Chrome/43.0.2357.130 Safari/537.36"
::1 - - [25/Jun/2015:14:00:42 -0500] "GET /phpmyadmin/js/whitelist.php?lang=en&db=&collation_connection=utf8_unicode_ci&token=aed9c43e2edcea5e429e0f4020d10fde HTTP/1.1" 200 2185 "http://localhost/phpmyadmin/" "Mozilla/5.0 (Windows NT 6.3; WOW64) AppleWebKit/537.36 (KHTML, like Gecko) Chrome/43.0.2357.130 Safari/537.36"
::1 - - [25/Jun/2015:14:00:42 -0500] "GET /phpmyadmin/js/get_image.js.php?theme=pmahomme HTTP/1.1" 200 6643 "http://localhost/phpmyadmin/" "Mozilla/5.0 (Windows NT 6.3; WOW64) AppleWebKit/537.36 (KHTML, like Gecko) Chrome/43.0.2357.130 Safari/537.36"
::1 - - [25/Jun/2015:14:00:42 -0500] "GET /phpmyadmin/js/messages.php?lang=en&db=&collation_connection=utf8_unicode_ci&token=aed9c43e2edcea5e429e0f4020d10fde HTTP/1.1" 200 24167 "http://localhost/phpmyadmin/" "Mozilla/5.0 (Windows NT 6.3; WOW64) AppleWebKit/537.36 (KHTML, like Gecko) Chrome/43.0.2357.130 Safari/537.36"
::1 - - [25/Jun/2015:14:00:43 -0500] "GET /phpmyadmin/themes/pmahomme/img/sprites.png HTTP/1.1" 200 45779 "http://localhost/phpmyadmin/phpmyadmin.css.php?server=1&lang=en&collation_connection=utf8_unicode_ci&token=aed9c43e2edcea5e429e0f4020d10fde&nocache=4259260501ltr" "Mozilla/5.0 (Windows NT 6.3; WOW64) AppleWebKit/537.36 (KHTML, like Gecko) Chrome/43.0.2357.130 Safari/537.36"
::1 - - [25/Jun/2015:14:00:43 -0500] "GET /phpmyadmin/favicon.ico HTTP/1.1" 200 18902 "http://localhost/phpmyadmin/" "Mozilla/5.0 (Windows NT 6.3; WOW64) AppleWebKit/537.36 (KHTML, like Gecko) Chrome/43.0.2357.130 Safari/537.36"
::1 - - [25/Jun/2015:14:00:45 -0500] "GET /phpmyadmin/index.php?lang=en&collation_connection=utf8_unicode_ci&token=aed9c43e2edcea5e429e0f4020d10fde HTTP/1.1" 200 5663 "http://localhost/phpmyadmin/" "Mozilla/5.0 (Windows NT 6.3; WOW64) AppleWebKit/537.36 (KHTML, like Gecko) Chrome/43.0.2357.130 Safari/537.36"
::1 - - [25/Jun/2015:14:00:47 -0500] "GET /phpmyadmin/phpmyadmin.css.php?server=1&token=aed9c43e2edcea5e429e0f4020d10fde&nocache=4259260501ltr HTTP/1.1" 200 109784 "http://localhost/phpmyadmin/index.php?lang=en&collation_connection=utf8_unicode_ci&token=aed9c43e2edcea5e429e0f4020d10fde" "Mozilla/5.0 (Windows NT 6.3; WOW64) AppleWebKit/537.36 (KHTML, like Gecko) Chrome/43.0.2357.130 Safari/537.36"
::1 - - [25/Jun/2015:14:00:47 -0500] "GET /phpmyadmin/js/whitelist.php?lang=en&db=&token=aed9c43e2edcea5e429e0f4020d10fde HTTP/1.1" 200 2185 "http://localhost/phpmyadmin/index.php?lang=en&collation_connection=utf8_unicode_ci&token=aed9c43e2edcea5e429e0f4020d10fde" "Mozilla/5.0 (Windows NT 6.3; WOW64) AppleWebKit/537.36 (KHTML, like Gecko) Chrome/43.0.2357.130 Safari/537.36"
::1 - - [25/Jun/2015:14:00:47 -0500] "GET /phpmyadmin/js/messages.php?lang=en&db=&token=aed9c43e2edcea5e429e0f4020d10fde HTTP/1.1" 200 24167 "http://localhost/phpmyadmin/index.php?lang=en&collation_connection=utf8_unicode_ci&token=aed9c43e2edcea5e429e0f4020d10fde" "Mozilla/5.0 (Windows NT 6.3; WOW64) AppleWebKit/537.36 (KHTML, like Gecko) Chrome/43.0.2357.130 Safari/537.36"
::1 - - [25/Jun/2015:14:00:52 -0500] "GET /xampp/components.php HTTP/1.1" 200 1559 "http://localhost/xampp/navi.php" "Mozilla/5.0 (Windows NT 6.3; WOW64) AppleWebKit/537.36 (KHTML, like Gecko) Chrome/43.0.2357.130 Safari/537.36"
::1 - - [25/Jun/2015:14:00:50 -0500] "GET /phpmyadmin/ HTTP/1.1" 200 5663 "http://localhost/xampp/navi.php" "Mozilla/5.0 (Windows NT 6.3; WOW64) AppleWebKit/537.36 (KHTML, like Gecko) Chrome/43.0.2357.130 Safari/537.36"
::1 - - [25/Jun/2015:14:00:55 -0500] "GET /xampp/mailform.php HTTP/1.1" 200 2894 "http://localhost/xampp/navi.php" "Mozilla/5.0 (Windows NT 6.3; WOW64) AppleWebKit/537.36 (KHTML, like Gecko) Chrome/43.0.2357.130 Safari/537.36"
::1 - - [25/Jun/2015:14:01:07 -0500] "GET /xampp/manuals.php HTTP/1.1" 200 1460 "http://localhost/xampp/navi.php" "Mozilla/5.0 (Windows NT 6.3; WOW64) AppleWebKit/537.36 (KHTML, like Gecko) Chrome/43.0.2357.130 Safari/537.36"
::1 - - [25/Jun/2015:14:31:56 -0500] "GET / HTTP/1.1" 200 202 "-" "Mozilla/5.0 (Windows NT 6.3; WOW64) AppleWebKit/537.36 (KHTML, like Gecko) Chrome/43.0.2357.130 Safari/537.36"
192.168.1.113 - - [25/Jun/2015:14:32:19 -0500] "GET / HTTP/1.1" 200 202 "-" "Mozilla/5.0 (Windows NT 6.3; WOW64) AppleWebKit/537.36 (KHTML, like Gecko) Chrome/43.0.2357.124 Safari/537.36"
192.168.1.113 - - [25/Jun/2015:14:32:20 -0500] "GET /favicon.ico HTTP/1.1" 404 1185 "http://192.168.1.105/" "Mozilla/5.0 (Windows NT 6.3; WOW64) AppleWebKit/537.36 (KHTML, like Gecko) Chrome/43.0.2357.124 Safari/537.36"
