[Thu Jun 25 13:51:41.112763 2015] [ssl:warn] [pid 6560:tid 384] AH01909: www.example.com:443:0 server certificate does NOT include an ID which matches the server name
[Thu Jun 25 13:51:41.416801 2015] [ssl:warn] [pid 6560:tid 384] AH01909: www.example.com:443:0 server certificate does NOT include an ID which matches the server name
[Thu Jun 25 13:51:41.476435 2015] [mpm_winnt:notice] [pid 6560:tid 384] AH00455: Apache/2.4.12 (Win32) OpenSSL/1.0.1l PHP/5.6.8 configured -- resuming normal operations
[Thu Jun 25 13:51:41.477412 2015] [mpm_winnt:notice] [pid 6560:tid 384] AH00456: Apache Lounge VC11 Server built: Jan 28 2015 16:48:40
[Thu Jun 25 13:51:41.477412 2015] [core:notice] [pid 6560:tid 384] AH00094: Command line: 'c:\\xampp\\apache\\bin\\httpd.exe -d C:/xampp/apache'
[Thu Jun 25 13:51:41.481323 2015] [mpm_winnt:notice] [pid 6560:tid 384] AH00418: Parent: Created child process 6692
[Thu Jun 25 13:51:42.215511 2015] [ssl:warn] [pid 6692:tid 392] AH01909: www.example.com:443:0 server certificate does NOT include an ID which matches the server name
[Thu Jun 25 13:51:42.428631 2015] [ssl:warn] [pid 6692:tid 392] AH01909: www.example.com:443:0 server certificate does NOT include an ID which matches the server name
[Thu Jun 25 13:51:42.504885 2015] [mpm_winnt:notice] [pid 6692:tid 392] AH00354: Child: Starting 150 worker threads.
[Thu Jun 25 13:59:54.763052 2015] [ssl:warn] [pid 7664:tid 388] AH01909: www.example.com:443:0 server certificate does NOT include an ID which matches the server name
[Thu Jun 25 13:59:54.890142 2015] [core:warn] [pid 7664:tid 388] AH00098: pid file C:/xampp/apache/logs/httpd.pid overwritten -- Unclean shutdown of previous Apache run?
[Thu Jun 25 13:59:55.027986 2015] [ssl:warn] [pid 7664:tid 388] AH01909: www.example.com:443:0 server certificate does NOT include an ID which matches the server name
[Thu Jun 25 13:59:55.083709 2015] [mpm_winnt:notice] [pid 7664:tid 388] AH00455: Apache/2.4.12 (Win32) OpenSSL/1.0.1l PHP/5.6.8 configured -- resuming normal operations
[Thu Jun 25 13:59:55.083709 2015] [mpm_winnt:notice] [pid 7664:tid 388] AH00456: Apache Lounge VC11 Server built: Jan 28 2015 16:48:40
[Thu Jun 25 13:59:55.083709 2015] [core:notice] [pid 7664:tid 388] AH00094: Command line: 'c:\\xampp\\apache\\bin\\httpd.exe -d C:/xampp/apache'
[Thu Jun 25 13:59:55.087620 2015] [mpm_winnt:notice] [pid 7664:tid 388] AH00418: Parent: Created child process 7160
[Thu Jun 25 13:59:55.866779 2015] [ssl:warn] [pid 7160:tid 392] AH01909: www.example.com:443:0 server certificate does NOT include an ID which matches the server name
[Thu Jun 25 13:59:56.086742 2015] [ssl:warn] [pid 7160:tid 392] AH01909: www.example.com:443:0 server certificate does NOT include an ID which matches the server name
[Thu Jun 25 13:59:56.143443 2015] [mpm_winnt:notice] [pid 7160:tid 392] AH00354: Child: Starting 150 worker threads.
      1 [main] webalizer 3848 find_fast_cwd: WARNING: Couldn't compute FAST_CWD pointer.  Please report this problem to
the public mailing list cygwin@cygwin.com
cygwin warning:
  MS-DOS style path detected: C:\xampp\apache\logs\access.log
  Preferred POSIX equivalent is: /apache/logs/access.log
  CYGWIN environment variable option "nodosfilewarning" turns off this warning.
  Consult the user's guide for more details about POSIX paths:
    http://cygwin.com/cygwin-ug-net/using.html#using-pathnames
[Thu Jun 25 14:31:24.981120 2015] [ssl:warn] [pid 8356:tid 384] AH01909: www.example.com:443:0 server certificate does NOT include an ID which matches the server name
[Thu Jun 25 14:31:25.095501 2015] [core:warn] [pid 8356:tid 384] AH00098: pid file C:/xampp/apache/logs/httpd.pid overwritten -- Unclean shutdown of previous Apache run?
[Thu Jun 25 14:31:25.270498 2015] [ssl:warn] [pid 8356:tid 384] AH01909: www.example.com:443:0 server certificate does NOT include an ID which matches the server name
[Thu Jun 25 14:31:25.354569 2015] [mpm_winnt:notice] [pid 8356:tid 384] AH00455: Apache/2.4.12 (Win32) OpenSSL/1.0.1l PHP/5.6.8 configured -- resuming normal operations
[Thu Jun 25 14:31:25.355547 2015] [mpm_winnt:notice] [pid 8356:tid 384] AH00456: Apache Lounge VC11 Server built: Jan 28 2015 16:48:40
[Thu Jun 25 14:31:25.355547 2015] [core:notice] [pid 8356:tid 384] AH00094: Command line: 'c:\\xampp\\apache\\bin\\httpd.exe -d C:/xampp/apache'
[Thu Jun 25 14:31:25.359457 2015] [mpm_winnt:notice] [pid 8356:tid 384] AH00418: Parent: Created child process 7672
[Thu Jun 25 14:31:26.100488 2015] [ssl:warn] [pid 7672:tid 372] AH01909: www.example.com:443:0 server certificate does NOT include an ID which matches the server name
[Thu Jun 25 14:31:26.425056 2015] [ssl:warn] [pid 7672:tid 372] AH01909: www.example.com:443:0 server certificate does NOT include an ID which matches the server name
[Thu Jun 25 14:31:26.498377 2015] [mpm_winnt:notice] [pid 7672:tid 372] AH00354: Child: Starting 150 worker threads.
