2015-06-26 21:09:40 5672 [Note] Plugin 'FEDERATED' is disabled.
2015-06-26 21:09:44 3018 InnoDB: Warning: Using innodb_additional_mem_pool_size is DEPRECATED. This option may be removed in future releases, together with the option innodb_use_sys_malloc and with the InnoDB's internal memory allocator.
2015-06-26 21:09:45 5672 [Note] InnoDB: Using atomics to ref count buffer pool pages
2015-06-26 21:09:45 5672 [Note] InnoDB: The InnoDB memory heap is disabled
2015-06-26 21:09:45 5672 [Note] InnoDB: Mutexes and rw_locks use Windows interlocked functions
2015-06-26 21:09:45 5672 [Note] InnoDB: Memory barrier is not used
2015-06-26 21:09:45 5672 [Note] InnoDB: Compressed tables use zlib 1.2.3
2015-06-26 21:09:48 5672 [Note] InnoDB: Not using CPU crc32 instructions
2015-06-26 21:09:50 5672 [Note] InnoDB: Initializing buffer pool, size = 16.0M
2015-06-26 21:09:50 5672 [Note] InnoDB: Completed initialization of buffer pool
2015-06-26 21:10:00 5672 [Note] InnoDB: Highest supported file format is Barracuda.
2015-06-26 21:10:04 5672 [Note] InnoDB: 128 rollback segment(s) are active.
2015-06-26 21:10:04 5672 [Note] InnoDB: Waiting for purge to start
2015-06-26 21:10:04 5672 [Note] InnoDB: 5.6.24 started; log sequence number 1665234
2015-06-26 21:10:04 5672 [Note] Server hostname (bind-address): '*'; port: 3306
2015-06-26 21:10:04 5672 [Note] IPv6 is available.
2015-06-26 21:10:04 5672 [Note]   - '::' resolves to '::';
2015-06-26 21:10:04 5672 [Note] Server socket created on IP: '::'.
2015-06-26 21:13:04 10996 [Note] Plugin 'FEDERATED' is disabled.
2015-06-26 21:13:04 306c InnoDB: Warning: Using innodb_additional_mem_pool_size is DEPRECATED. This option may be removed in future releases, together with the option innodb_use_sys_malloc and with the InnoDB's internal memory allocator.
2015-06-26 21:13:04 10996 [Note] InnoDB: Using atomics to ref count buffer pool pages
2015-06-26 21:13:04 10996 [Note] InnoDB: The InnoDB memory heap is disabled
2015-06-26 21:13:04 10996 [Note] InnoDB: Mutexes and rw_locks use Windows interlocked functions
2015-06-26 21:13:04 10996 [Note] InnoDB: Memory barrier is not used
2015-06-26 21:13:04 10996 [Note] InnoDB: Compressed tables use zlib 1.2.3
2015-06-26 21:13:04 10996 [Note] InnoDB: Not using CPU crc32 instructions
2015-06-26 21:13:04 10996 [Note] InnoDB: Initializing buffer pool, size = 16.0M
2015-06-26 21:13:04 10996 [Note] InnoDB: Completed initialization of buffer pool
2015-06-26 21:13:04 10996 [Note] InnoDB: Highest supported file format is Barracuda.
2015-06-26 21:13:04 10996 [Note] InnoDB: The log sequence numbers 1665234 and 1665234 in ibdata files do not match the log sequence number 1665244 in the ib_logfiles!
2015-06-26 21:13:04 10996 [Note] InnoDB: Database was not shutdown normally!
2015-06-26 21:13:04 10996 [Note] InnoDB: Starting crash recovery.
2015-06-26 21:13:04 10996 [Note] InnoDB: Reading tablespace information from the .ibd files...
2015-06-26 21:13:05 10996 [Note] InnoDB: Restoring possible half-written data pages 
2015-06-26 21:13:05 10996 [Note] InnoDB: from the doublewrite buffer...
2015-06-26 21:13:06 10996 [Note] InnoDB: 128 rollback segment(s) are active.
2015-06-26 21:13:06 10996 [Note] InnoDB: Waiting for purge to start
2015-06-26 21:13:06 10996 [Note] InnoDB: 5.6.24 started; log sequence number 1665244
2015-06-26 21:13:06 10996 [Note] Server hostname (bind-address): '*'; port: 3306
2015-06-26 21:13:06 10996 [Note] IPv6 is available.
2015-06-26 21:13:06 10996 [Note]   - '::' resolves to '::';
2015-06-26 21:13:06 10996 [Note] Server socket created on IP: '::'.
